<?xml version="1.0" encoding="UTF-8"?>
<!-- Generated by org.testng.reporters.JUnitReportReporter -->
<testsuite skipped="0" hostname="Yemis-Air" name="com.carsguide.com.au.CarsGuide.TestRunner" tests="1" failures="0" timestamp="06 Jun 2019 16:19:59 GMT" time="23.739" errors="0">
  <testcase name="feature" time="23.739" classname="com.carsguide.com.au.CarsGuide.TestRunner"/>
</testsuite> <!-- com.carsguide.com.au.CarsGuide.TestRunner -->
